{"level":"error","message":"Class constructor ExceptionHandler cannot be invoked without 'new' Class constructor ExceptionHandler cannot be invoked without 'new'","stack":"TypeError: Class constructor ExceptionHandler cannot be invoked without 'new'\n    at file:///C:/Users/Dell/Desktop/Node_Api/index.js:36:9\n    at ModuleJob.run (internal/modules/esm/module_job.js:152:23)\n    at async Loader.import (internal/modules/esm/loader.js:166:24)\n    at async Object.loadESM (internal/process/esm_loader.js:68:5)"}
{"level":"error","message":"Class constructor ExceptionHandler cannot be invoked without 'new' Class constructor ExceptionHandler cannot be invoked without 'new'","stack":"TypeError: Class constructor ExceptionHandler cannot be invoked without 'new'\n    at file:///C:/Users/Dell/Desktop/Node_Api/index.js:35:9\n    at ModuleJob.run (internal/modules/esm/module_job.js:152:23)\n    at async Loader.import (internal/modules/esm/loader.js:166:24)\n    at async Object.loadESM (internal/process/esm_loader.js:68:5)"}
{"level":"error","message":"Class constructor ExceptionHandler cannot be invoked without 'new' Class constructor ExceptionHandler cannot be invoked without 'new'","stack":"TypeError: Class constructor ExceptionHandler cannot be invoked without 'new'\n    at file:///C:/Users/Dell/Desktop/Node_Api/index.js:37:9\n    at ModuleJob.run (internal/modules/esm/module_job.js:152:23)\n    at async Loader.import (internal/modules/esm/loader.js:166:24)\n    at async Object.loadESM (internal/process/esm_loader.js:68:5)"}
{"level":"error","message":"Class constructor ExceptionHandler cannot be invoked without 'new' Class constructor ExceptionHandler cannot be invoked without 'new'","stack":"TypeError: Class constructor ExceptionHandler cannot be invoked without 'new'\n    at file:///C:/Users/Dell/Desktop/Node_Api/index.js:37:9\n    at ModuleJob.run (internal/modules/esm/module_job.js:152:23)\n    at async Loader.import (internal/modules/esm/loader.js:166:24)\n    at async Object.loadESM (internal/process/esm_loader.js:68:5)"}
{"level":"error","message":"Class constructor ExceptionHandler cannot be invoked without 'new' Class constructor ExceptionHandler cannot be invoked without 'new'","stack":"TypeError: Class constructor ExceptionHandler cannot be invoked without 'new'\n    at file:///C:/Users/Dell/Desktop/Node_Api/index.js:37:9\n    at ModuleJob.run (internal/modules/esm/module_job.js:152:23)\n    at async Loader.import (internal/modules/esm/loader.js:166:24)\n    at async Object.loadESM (internal/process/esm_loader.js:68:5)"}
{"level":"error","message":"Class constructor ExceptionHandler cannot be invoked without 'new' Class constructor ExceptionHandler cannot be invoked without 'new'","stack":"TypeError: Class constructor ExceptionHandler cannot be invoked without 'new'\n    at file:///C:/Users/Dell/Desktop/Node_Api/index.js:37:9\n    at ModuleJob.run (internal/modules/esm/module_job.js:152:23)\n    at async Loader.import (internal/modules/esm/loader.js:166:24)\n    at async Object.loadESM (internal/process/esm_loader.js:68:5)"}
{"level":"error","message":"Class constructor ExceptionHandler cannot be invoked without 'new' Class constructor ExceptionHandler cannot be invoked without 'new'","stack":"TypeError: Class constructor ExceptionHandler cannot be invoked without 'new'\n    at file:///C:/Users/Dell/Desktop/Node_Api/index.js:37:9\n    at ModuleJob.run (internal/modules/esm/module_job.js:152:23)\n    at async Loader.import (internal/modules/esm/loader.js:166:24)\n    at async Object.loadESM (internal/process/esm_loader.js:68:5)"}
{"level":"error","message":"something outside the request processing something outside the request processing","stack":"Error: something outside the request processing\n    at file:///C:/Users/Dell/Desktop/Node_Api/index.js:42:7\n    at ModuleJob.run (internal/modules/esm/module_job.js:152:23)\n    at async Loader.import (internal/modules/esm/loader.js:166:24)\n    at async Object.loadESM (internal/process/esm_loader.js:68:5)"}
{"level":"error","message":"something outside the request processing something outside the request processing","stack":"Error: something outside the request processing\n    at file:///C:/Users/Dell/Desktop/Node_Api/index.js:42:7\n    at ModuleJob.run (internal/modules/esm/module_job.js:152:23)\n    at async Loader.import (internal/modules/esm/loader.js:166:24)\n    at async Object.loadESM (internal/process/esm_loader.js:68:5)"}
{"level":"error"}
{"level":"error"}
{"level":"error","message":"reason is not defined reason is not defined","stack":"ReferenceError: reason is not defined\n    at process.<anonymous> (file:///C:/Users/Dell/Desktop/Node_Api/index.js:39:5)\n    at process.emit (events.js:315:20)\n    at processPromiseRejections (internal/process/promises.js:245:33)\n    at processTicksAndRejections (internal/process/task_queues.js:94:32)"}
{"level":"error"}
{"level":"error","message":"i is not defined i is not defined","stack":"ReferenceError: i is not defined\n    at file:///C:/Users/Dell/Desktop/Node_Api/index.js:37:13\n    at ModuleJob.run (internal/modules/esm/module_job.js:152:23)\n    at async Loader.import (internal/modules/esm/loader.js:166:24)\n    at async Object.loadESM (internal/process/esm_loader.js:68:5)"}
{"level":"error"}
{"level":"error"}
{"level":"error"}
{"level":"error"}
{"level":"error"}
{"level":"error"}
{"level":"error"}
{"level":"error"}
{"level":"error"}
{"level":"error"}
{"level":"error"}
{"level":"error"}
{"level":"error"}
{"level":"error"}
{"level":"error"}
{"level":"error"}
{"level":"error"}
{"level":"error"}
{"level":"error"}
{"level":"error"}
{"level":"error"}
{"level":"error"}
{"level":"error"}
{"level":"error"}
{"level":"error"}
{"level":"error"}
{"level":"error"}
{"level":"error"}
{"level":"error"}
{"level":"error"}
{"level":"error"}
{"level":"error"}
{"level":"error"}
